{"/Users/benjaminragot/Sites/ConfigUrHouse/configurhouse-api/src/shared/foo.ts": {"path":"/Users/benjaminragot/Sites/ConfigUrHouse/configurhouse-api/src/shared/foo.ts","statementMap":{"0":{"start":{"line":2,"column":2},"end":{"line":3,"column":38}},"1":{"start":{"line":3,"column":2},"end":{"line":3,"column":38}},"2":{"start":{"line":3,"column":25},"end":{"line":3,"column":34}},"3":{"start":{"line":1,"column":13},"end":{"line":1,"column":null}}},"fnMap":{"0":{"name":"(anonymous_0)","decl":{"start":{"line":2,"column":2},"end":{"line":2,"column":3}},"loc":{"start":{"line":3,"column":2},"end":{"line":3,"column":38}}},"1":{"name":"(anonymous_1)","decl":{"start":{"line":3,"column":11},"end":{"line":3,"column":12}},"loc":{"start":{"line":3,"column":25},"end":{"line":3,"column":34}}}},"branchMap":{},"s":{"0":1,"1":2,"2":2,"3":1},"f":{"0":2,"1":2},"b":{}}
}
